[debug] [2025-06-28T01:40:01.979Z] ----------------------------------------------------------------------
[debug] [2025-06-28T01:40:01.980Z] Command:       /opt/homebrew/Cellar/node/24.3.0/bin/node /opt/homebrew/bin/firebase deploy --only storage
[debug] [2025-06-28T01:40:01.981Z] CLI Version:   14.8.0
[debug] [2025-06-28T01:40:01.981Z] Platform:      darwin
[debug] [2025-06-28T01:40:01.981Z] Node Version:  v24.3.0
[debug] [2025-06-28T01:40:01.981Z] Time:          Fri Jun 27 2025 21:40:01 GMT-0400 (Eastern Daylight Time)
[debug] [2025-06-28T01:40:01.981Z] ----------------------------------------------------------------------
[debug] 
[debug] [2025-06-28T01:40:02.063Z] > command requires scopes: ["email","openid","https://www.googleapis.com/auth/cloudplatformprojects.readonly","https://www.googleapis.com/auth/firebase","https://www.googleapis.com/auth/cloud-platform"]
[debug] [2025-06-28T01:40:02.063Z] > authorizing via signed-in user (georgejeffreys777@gmail.com)
[debug] [2025-06-28T01:40:02.063Z] [iam] checking project snapconnect-6108c for permissions ["firebase.projects.get","firebaserules.releases.create","firebaserules.releases.update","firebaserules.rulesets.create"]
[debug] [2025-06-28T01:40:02.063Z] Checked if tokens are valid: true, expires at: 1751076584266
[debug] [2025-06-28T01:40:02.063Z] Checked if tokens are valid: true, expires at: 1751076584266
[debug] [2025-06-28T01:40:02.064Z] >>> [apiv2][query] POST https://cloudresourcemanager.googleapis.com/v1/projects/snapconnect-6108c:testIamPermissions [none]
[debug] [2025-06-28T01:40:02.064Z] >>> [apiv2][(partial)header] POST https://cloudresourcemanager.googleapis.com/v1/projects/snapconnect-6108c:testIamPermissions x-goog-quota-user=projects/snapconnect-6108c
[debug] [2025-06-28T01:40:02.064Z] >>> [apiv2][body] POST https://cloudresourcemanager.googleapis.com/v1/projects/snapconnect-6108c:testIamPermissions {"permissions":["firebase.projects.get","firebaserules.releases.create","firebaserules.releases.update","firebaserules.rulesets.create"]}
[debug] [2025-06-28T01:40:02.339Z] <<< [apiv2][status] POST https://cloudresourcemanager.googleapis.com/v1/projects/snapconnect-6108c:testIamPermissions 200
[debug] [2025-06-28T01:40:02.339Z] <<< [apiv2][body] POST https://cloudresourcemanager.googleapis.com/v1/projects/snapconnect-6108c:testIamPermissions {"permissions":["firebase.projects.get","firebaserules.releases.create","firebaserules.releases.update","firebaserules.rulesets.create"]}
[info] 
[info] === Deploying to 'snapconnect-6108c'...
[info] 
[info] i  deploying storage 
[info] i  storage: ensuring required API firebasestorage.googleapis.com is enabled... 
[debug] [2025-06-28T01:40:02.341Z] Checked if tokens are valid: true, expires at: 1751076584266
[debug] [2025-06-28T01:40:02.341Z] Checked if tokens are valid: true, expires at: 1751076584266
[debug] [2025-06-28T01:40:02.341Z] >>> [apiv2][query] GET https://firebasestorage.googleapis.com/v1alpha/projects/snapconnect-6108c/defaultBucket [none]
[debug] [2025-06-28T01:40:02.712Z] <<< [apiv2][status] GET https://firebasestorage.googleapis.com/v1alpha/projects/snapconnect-6108c/defaultBucket 200
[debug] [2025-06-28T01:40:02.712Z] <<< [apiv2][body] GET https://firebasestorage.googleapis.com/v1alpha/projects/snapconnect-6108c/defaultBucket {"name":"projects/snapconnect-6108c/defaultBucket","location":"US-CENTRAL1","bucket":{"name":"projects/snapconnect-6108c/buckets/snapconnect-6108c.firebasestorage.app"},"storageClass":"REGIONAL"}
[info] i  firebase.storage: checking storage.rules for compilation errors... 
[debug] [2025-06-28T01:40:02.713Z] Checked if tokens are valid: true, expires at: 1751076584266
[debug] [2025-06-28T01:40:02.713Z] Checked if tokens are valid: true, expires at: 1751076584266
[debug] [2025-06-28T01:40:02.713Z] >>> [apiv2][query] POST https://firebaserules.googleapis.com/v1/projects/snapconnect-6108c:test [none]
[debug] [2025-06-28T01:40:02.713Z] >>> [apiv2][body] POST https://firebaserules.googleapis.com/v1/projects/snapconnect-6108c:test [omitted]
[debug] [2025-06-28T01:40:02.988Z] <<< [apiv2][status] POST https://firebaserules.googleapis.com/v1/projects/snapconnect-6108c:test 200
[debug] [2025-06-28T01:40:02.988Z] <<< [apiv2][body] POST https://firebaserules.googleapis.com/v1/projects/snapconnect-6108c:test {"issues":[{"sourcePosition":{"fileName":"storage.rules","line":14,"column":15,"currentOffset":544,"endOffset":549},"description":"Invalid function name: exists.","severity":"WARNING"}]}
[warn] ⚠  [W] 14:15 - Invalid function name: exists. 
[info] ✔  firebase.storage: rules file storage.rules compiled successfully 
[debug] [2025-06-28T01:40:02.989Z] Checked if tokens are valid: true, expires at: 1751076584266
[debug] [2025-06-28T01:40:02.989Z] Checked if tokens are valid: true, expires at: 1751076584266
[debug] [2025-06-28T01:40:02.990Z] >>> [apiv2][query] GET https://firebaserules.googleapis.com/v1/projects/snapconnect-6108c/releases pageSize=10&pageToken=
[debug] [2025-06-28T01:40:03.102Z] <<< [apiv2][status] GET https://firebaserules.googleapis.com/v1/projects/snapconnect-6108c/releases 200
[debug] [2025-06-28T01:40:03.102Z] <<< [apiv2][body] GET https://firebaserules.googleapis.com/v1/projects/snapconnect-6108c/releases {"releases":[{"name":"projects/snapconnect-6108c/releases/cloud.firestore","rulesetName":"projects/snapconnect-6108c/rulesets/5fbcff5c-c21a-441e-a50a-f8c400d7b0d0","createTime":"2025-06-24T22:54:54.935416Z","updateTime":"2025-06-28T01:40:01.122658Z"},{"name":"projects/snapconnect-6108c/releases/firebase.storage/snapconnect-6108c","rulesetName":"projects/snapconnect-6108c/rulesets/63588a1a-663d-47de-8c37-1452ec297b2a","createTime":"2025-06-25T00:38:11.657355Z","updateTime":"2025-06-25T00:38:11.657355Z"},{"name":"projects/snapconnect-6108c/releases/firebase.storage/snapconnect-6108c.firebasestorage.app","rulesetName":"projects/snapconnect-6108c/rulesets/961a7c5f-666b-4b57-b8fd-347bb8f59ecb","createTime":"2025-06-25T00:16:02.035578Z","updateTime":"2025-06-25T00:50:09.041854Z"}]}
[debug] [2025-06-28T01:40:03.113Z] Checked if tokens are valid: true, expires at: 1751076584266
[debug] [2025-06-28T01:40:03.113Z] Checked if tokens are valid: true, expires at: 1751076584266
[debug] [2025-06-28T01:40:03.113Z] >>> [apiv2][query] GET https://firebaserules.googleapis.com/v1/projects/snapconnect-6108c/rulesets/63588a1a-663d-47de-8c37-1452ec297b2a [none]
[debug] [2025-06-28T01:40:03.241Z] <<< [apiv2][status] GET https://firebaserules.googleapis.com/v1/projects/snapconnect-6108c/rulesets/63588a1a-663d-47de-8c37-1452ec297b2a 200
[debug] [2025-06-28T01:40:03.241Z] <<< [apiv2][body] GET https://firebaserules.googleapis.com/v1/projects/snapconnect-6108c/rulesets/63588a1a-663d-47de-8c37-1452ec297b2a [omitted]
[debug] [2025-06-28T01:40:03.243Z] Checked if tokens are valid: true, expires at: 1751076584266
[debug] [2025-06-28T01:40:03.243Z] Checked if tokens are valid: true, expires at: 1751076584266
[debug] [2025-06-28T01:40:03.243Z] >>> [apiv2][query] GET https://cloudresourcemanager.googleapis.com/v1/projects/snapconnect-6108c [none]
[debug] [2025-06-28T01:40:03.361Z] <<< [apiv2][status] GET https://cloudresourcemanager.googleapis.com/v1/projects/snapconnect-6108c 200
[debug] [2025-06-28T01:40:03.361Z] <<< [apiv2][body] GET https://cloudresourcemanager.googleapis.com/v1/projects/snapconnect-6108c {"projectNumber":"435345795137","projectId":"snapconnect-6108c","lifecycleState":"ACTIVE","name":"SnapConnect","labels":{"firebase":"enabled","firebase-core":"disabled"},"createTime":"2025-06-23T18:40:31.285152Z"}
[debug] [2025-06-28T01:40:03.361Z] Checked if tokens are valid: true, expires at: 1751076584266
[debug] [2025-06-28T01:40:03.361Z] Checked if tokens are valid: true, expires at: 1751076584266
[debug] [2025-06-28T01:40:03.361Z] >>> [apiv2][query] POST https://cloudresourcemanager.googleapis.com/v1/projects/435345795137:getIamPolicy [none]
[debug] [2025-06-28T01:40:03.543Z] <<< [apiv2][status] POST https://cloudresourcemanager.googleapis.com/v1/projects/435345795137:getIamPolicy 200
[debug] [2025-06-28T01:40:03.543Z] <<< [apiv2][body] POST https://cloudresourcemanager.googleapis.com/v1/projects/435345795137:getIamPolicy {"version":1,"etag":"BwY4f/FKeRY=","bindings":[{"role":"roles/artifactregistry.serviceAgent","members":["serviceAccount:service-435345795137@gcp-sa-artifactregistry.iam.gserviceaccount.com"]},{"role":"roles/cloudbuild.builds.builder","members":["serviceAccount:435345795137@cloudbuild.gserviceaccount.com"]},{"role":"roles/cloudbuild.serviceAgent","members":["serviceAccount:service-435345795137@gcp-sa-cloudbuild.iam.gserviceaccount.com"]},{"role":"roles/cloudfunctions.serviceAgent","members":["serviceAccount:service-435345795137@gcf-admin-robot.iam.gserviceaccount.com"]},{"role":"roles/cloudscheduler.serviceAgent","members":["serviceAccount:service-435345795137@gcp-sa-cloudscheduler.iam.gserviceaccount.com"]},{"role":"roles/cloudtasks.serviceAgent","members":["serviceAccount:service-435345795137@gcp-sa-cloudtasks.iam.gserviceaccount.com"]},{"role":"roles/containerregistry.ServiceAgent","members":["serviceAccount:service-435345795137@containerregistry.iam.gserviceaccount.com"]},{"role":"roles/editor","members":["serviceAccount:435345795137-compute@developer.gserviceaccount.com","serviceAccount:435345795137@cloudservices.gserviceaccount.com","serviceAccount:snapconnect-6108c@appspot.gserviceaccount.com"]},{"role":"roles/eventarc.eventReceiver","members":["serviceAccount:435345795137-compute@developer.gserviceaccount.com"]},{"role":"roles/eventarc.serviceAgent","members":["serviceAccount:service-435345795137@gcp-sa-eventarc.iam.gserviceaccount.com"]},{"role":"roles/firebase.managementServiceAgent","members":["serviceAccount:service-435345795137@gcp-sa-firebase.iam.gserviceaccount.com"]},{"role":"roles/firebase.sdkAdminServiceAgent","members":["serviceAccount:firebase-adminsdk-fbsvc@snapconnect-6108c.iam.gserviceaccount.com"]},{"role":"roles/firebaseappdistro.admin","members":["user:georgejeffreys777@gmail.com"]},{"role":"roles/firebaseauth.admin","members":["serviceAccount:firebase-adminsdk-fbsvc@snapconnect-6108c.iam.gserviceaccount.com"]},{"role":"roles/firebasemods.serviceAgent","members":["serviceAccount:service-435345795137@gcp-sa-firebasemods.iam.gserviceaccount.com"]},{"role":"roles/firebaserules.system","members":["serviceAccount:service-435345795137@firebase-rules.iam.gserviceaccount.com"]},{"role":"roles/firebasestorage.serviceAgent","members":["serviceAccount:service-435345795137@gcp-sa-firebasestorage.iam.gserviceaccount.com"]},{"role":"roles/firestore.serviceAgent","members":["serviceAccount:service-435345795137@gcp-sa-firestore.iam.gserviceaccount.com"]},{"role":"roles/iam.serviceAccountTokenCreator","members":["serviceAccount:firebase-adminsdk-fbsvc@snapconnect-6108c.iam.gserviceaccount.com","serviceAccount:service-435345795137@gcp-sa-pubsub.iam.gserviceaccount.com"]},{"role":"roles/owner","members":["user:georgejeffreys777@gmail.com"]},{"role":"roles/run.invoker","members":["serviceAccount:435345795137-compute@developer.gserviceaccount.com"]},{"role":"roles/run.serviceAgent","members":["serviceAccount:service-435345795137@serverless-robot-prod.iam.gserviceaccount.com"]},{"role":"roles/storage.admin","members":["serviceAccount:firebase-adminsdk-fbsvc@snapconnect-6108c.iam.gserviceaccount.com"]}]}
